<?xml version="1.0" encoding="UTF-8"?>
<testng-results ignored="0" total="1" passed="1" failed="0" skipped="0">
  <reporter-output>
  </reporter-output>
  <suite started-at="2024-10-09T14:53:22 IST" name="Default suite" finished-at="2024-10-09T14:53:24 IST" duration-ms="1890">
    <groups>
    </groups>
    <test started-at="2024-10-09T14:53:22 IST" name="Default test" finished-at="2024-10-09T14:53:24 IST" duration-ms="1890">
      <class name="Qsp.Demo">
        <test-method signature="test()[pri:0, instance:Qsp.Demo@5ab956d7]" started-at="2024-10-09T14:53:22 IST" name="test" finished-at="2024-10-09T14:53:24 IST" duration-ms="1833" status="PASS">
          <reporter-output>
          </reporter-output>
        </test-method> <!-- test -->
      </class> <!-- Qsp.Demo -->
    </test> <!-- Default test -->
  </suite> <!-- Default suite -->
</testng-results>
